07-02 13:39:45 replicate_layout.action_replicate_layout 311:Plugin executed on: 'darwin'
07-02 13:39:45 replicate_layout.action_replicate_layout 312:Plugin executed with python version: '2.7.16 (default, Dec 23 2020, 16:11:24) \n[GCC 4.2.1 Compatible Apple LLVM 10.0.1 (clang-1001.0.46.4)]'
07-02 13:39:45 replicate_layout.action_replicate_layout 313:KiCad build version: (5.1.9-0-10_14)
07-02 13:39:45 replicate_layout.action_replicate_layout 314:Replicate layout plugin version: 73 started
07-02 13:39:45 replicate_layout.action_replicate_layout 327:All top level windows titles are:
kicad (5.1.9-0-10_14) /users/koer2434/google drive/ust/research/covg/pcb_design/kicad/covg_daq_v2/covg_daq_v2.pro

eeschema — dual_bipolar_amp.sch [/dac_gp2/dual_biploar0/] — /users/koer2434/google drive/ust/research/covg/pcb_design/kicad/covg_daq_v2

pcbnew — /users/koer2434/google drive/ust/research/covg/pcb_design/kicad/covg_daq_v2/covg_daq_v2.kicad_pcb


07-02 13:39:45 replicate_layout.action_replicate_layout 328:All top level windows objects are:
 <wx._windows.Frame; proxy of <Swig Object of type 'wxFrame *' at 0x7fac2581f800> >
<wx._windows.MiniFrame; proxy of <Swig Object of type 'wxMiniFrame *' at 0x7fac23e247a0> >
<wx._windows.Frame; proxy of <Swig Object of type 'wxFrame *' at 0x7fac24af3c00> >
<wx._windows.MiniFrame; proxy of <Swig Object of type 'wxMiniFrame *' at 0x7fac23e47850> >
<wx._windows.Frame; proxy of <Swig Object of type 'wxFrame *' at 0x7fac0a028e00> >
<wx._windows.MiniFrame; proxy of <Swig Object of type 'wxMiniFrame *' at 0x7fac03d89020> >
<wx._windows.MiniFrame; proxy of <Swig Object of type 'wxMiniFrame *' at 0x7fac04317c80> >
07-02 13:39:45 replicate_layout.action_replicate_layout 351:Preparing replicator with U4 as a reference
07-02 13:39:45 replicate_layout.replicatelayout 215:getting project hierarchy from schematics
07-02 13:39:45 replicate_layout.replicatelayout 217:Project hierarchy looks like:
{u'60C521D9': [u'dac4', u'/Users/koer2434/Google Drive/UST/research/covg/pcb_design/kicad/covg_daq_v2/dac.sch'], u'60E9FAAA': [u'dual_biploar2', u'/Users/koer2434/Google Drive/UST/research/covg/pcb_design/kicad/covg_daq_v2/dual_bipolar_amp.sch'], u'6095A302': [u'ok_fpga', u'/Users/koer2434/Google Drive/UST/research/covg/pcb_design/kicad/covg_daq_v2/ok_fpga.sch'], u'6095BD4C': [u'dac_gp1', u'/Users/koer2434/Google Drive/UST/research/covg/pcb_design/kicad/covg_daq_v2/dac_gp.sch'], u'60C55145': [u'dac5', u'/Users/koer2434/Google Drive/UST/research/covg/pcb_design/kicad/covg_daq_v2/dac.sch'], u'60DB74B6': [u'dual_bipolar1', u'/Users/koer2434/Google Drive/UST/research/covg/pcb_design/kicad/covg_daq_v2/dual_bipolar_amp.sch'], u'60EB6FD5': [u'dual_bipolar3', u'/Users/koer2434/Google Drive/UST/research/covg/pcb_design/kicad/covg_daq_v2/dual_bipolar_amp.sch'], u'60C4C08D': [u'dac2', u'/Users/koer2434/Google Drive/UST/research/covg/pcb_design/kicad/covg_daq_v2/dac.sch'], u'6095A004': [u'adc_gp', u'/Users/koer2434/Google Drive/UST/research/covg/pcb_design/kicad/covg_daq_v2/adc_gp.sch'], u'60F0C6CC': [u'dual_biploar0', u'/Users/koer2434/Google Drive/UST/research/covg/pcb_design/kicad/covg_daq_v2/dual_bipolar_amp.sch'], u'60BE6CF4': [u'dac1', u'/Users/koer2434/Google Drive/UST/research/covg/pcb_design/kicad/covg_daq_v2/dac.sch'], u'61B02572': [u'dac_gp2', u'/Users/koer2434/Google Drive/UST/research/covg/pcb_design/kicad/covg_daq_v2/dac_gp.sch'], u'60BE6CE5': [u'adc0', u'/Users/koer2434/Google Drive/UST/research/covg/pcb_design/kicad/covg_daq_v2/adc.sch'], u'6095BE10': [u'power', u'/Users/koer2434/Google Drive/UST/research/covg/pcb_design/kicad/covg_daq_v2/power.sch'], u'60BE01FC': [u'howland_ipump', u'/Users/koer2434/Google Drive/UST/research/covg/pcb_design/kicad/covg_daq_v2/howland_ipump.sch'], u'60C48ED8': [u'dac0', u'/Users/koer2434/Google Drive/UST/research/covg/pcb_design/kicad/covg_daq_v2/dac.sch'], u'60C4EF27': [u'dac3', u'/Users/koer2434/Google Drive/UST/research/covg/pcb_design/kicad/covg_daq_v2/dac.sch'], u'60BF7757': [u'adc2', u'/Users/koer2434/Google Drive/UST/research/covg/pcb_design/kicad/covg_daq_v2/adc.sch'], u'60C1F416': [u'adc3', u'/Users/koer2434/Google Drive/UST/research/covg/pcb_design/kicad/covg_daq_v2/adc.sch'], u'6095A697': [u'adc1', u'/Users/koer2434/Google Drive/UST/research/covg/pcb_design/kicad/covg_daq_v2/adc.sch']}
07-02 13:39:45 replicate_layout.replicatelayout 225:getting a list of all footprints on board
07-02 13:39:45 replicate_layout.action_replicate_layout 378:source anchor footprint is u'U4'
Located on:[u'dac_gp2', u'dual_biploar0']
With filenames:[u'dac_gp.sch', u'dual_bipolar_amp.sch']
With sheet_id:[u'dac_gp2', u'dual_biploar0']
07-02 13:39:45 replicate_layout.action_replicate_layout 382:Corresponding footprints are 
[(u'U9', [u'dac_gp2', u'dual_bipolar3']), (u'U8', [u'dac_gp2', u'dual_biploar2']), (u'U7', [u'dac_gp2', u'dual_bipolar1']), (u'U6', [u'dac_gp1', u'dual_bipolar1']), (u'U4', [u'dac_gp2', u'dual_biploar0']), (u'U3', [u'dac_gp1', u'dual_biploar0']), (u'U2', [u'dac_gp1', u'dual_bipolar3']), (u'U1', [u'dac_gp1', u'dual_biploar2'])]
07-02 13:39:45 replicate_layout.action_replicate_layout 395:Showing dialog
07-02 13:39:45 replicate_layout.action_replicate_layout 399:Pcbnew position: wx.Point(0, 20)
07-02 13:39:45 replicate_layout.action_replicate_layout 405:Display 0: wx.Rect(0, 0, 1920, 1080)
07-02 13:39:45 replicate_layout.action_replicate_layout 405:Display 1: wx.Rect(-1680, 0, 1680, 1050)
07-02 13:39:45 replicate_layout.action_replicate_layout 409:Toolbar position: wx.Point(1479, 114)
07-02 13:39:45 replicate_layout.action_replicate_layout 416:Dialog position: wx.Point(1166, 114)
07-02 13:39:53 replicate_layout.replicatelayout 249:construcing a list of sheets suitable for replication on level:u'dual_biploar0', file:u'dual_bipolar_amp.sch'
07-02 13:39:53 replicate_layout.replicatelayout 256:Source sheet path up to the level:[u'dac_gp2', u'dual_biploar0']
07-02 13:39:53 replicate_layout.replicatelayout 260:Footprints on the sheets:
[u'U9', u'U8', u'U7', u'U6', u'U4', u'U3', u'U2', u'U1']
07-02 13:39:53 replicate_layout.replicatelayout 263:Footprints raw sheet ids:
[u'/61B02572/60EB6FD5/60F31C8B', u'/61B02572/60E9FAAA/60F31C8B', u'/61B02572/60DB74B6/60F31C8B', u'/6095BD4C/60DB74B6/60F31C8B', u'/61B02572/60F0C6CC/60F31C8B', u'/6095BD4C/60F0C6CC/60F31C8B', u'/6095BD4C/60EB6FD5/60F31C8B', u'/6095BD4C/60E9FAAA/60F31C8B']
07-02 13:39:53 replicate_layout.replicatelayout 279:All sheets to replicate:
[[u'dac_gp2', u'dual_bipolar3'], [u'dac_gp2', u'dual_biploar2'], [u'dac_gp2', u'dual_bipolar1'], [u'dac_gp1', u'dual_bipolar1'], [u'dac_gp2', u'dual_biploar0'], [u'dac_gp1', u'dual_biploar0'], [u'dac_gp1', u'dual_bipolar3'], [u'dac_gp1', u'dual_biploar2']]
07-02 13:39:53 replicate_layout.replicatelayout 284:All sheets to replicate sorted:
[[u'dac_gp1', u'dual_biploar0'], [u'dac_gp1', u'dual_biploar2'], [u'dac_gp1', u'dual_bipolar1'], [u'dac_gp1', u'dual_bipolar3'], [u'dac_gp2', u'dual_biploar0'], [u'dac_gp2', u'dual_biploar2'], [u'dac_gp2', u'dual_bipolar1'], [u'dac_gp2', u'dual_bipolar3']]
07-02 13:39:53 replicate_layout.replicatelayout 290:All sheets to replicate sorted and without source sheet:
[[u'dac_gp1', u'dual_biploar0'], [u'dac_gp1', u'dual_biploar2'], [u'dac_gp1', u'dual_bipolar1'], [u'dac_gp1', u'dual_bipolar3'], [u'dac_gp2', u'dual_biploar2'], [u'dac_gp2', u'dual_bipolar1'], [u'dac_gp2', u'dual_bipolar3']]
07-02 13:39:56 replicate_layout.replicatelayout 249:construcing a list of sheets suitable for replication on level:u'dual_biploar0', file:u'dual_bipolar_amp.sch'
07-02 13:39:56 replicate_layout.replicatelayout 256:Source sheet path up to the level:[u'dac_gp2', u'dual_biploar0']
07-02 13:39:56 replicate_layout.replicatelayout 260:Footprints on the sheets:
[u'U9', u'U8', u'U7', u'U6', u'U4', u'U3', u'U2', u'U1']
07-02 13:39:56 replicate_layout.replicatelayout 263:Footprints raw sheet ids:
[u'/61B02572/60EB6FD5/60F31C8B', u'/61B02572/60E9FAAA/60F31C8B', u'/61B02572/60DB74B6/60F31C8B', u'/6095BD4C/60DB74B6/60F31C8B', u'/61B02572/60F0C6CC/60F31C8B', u'/6095BD4C/60F0C6CC/60F31C8B', u'/6095BD4C/60EB6FD5/60F31C8B', u'/6095BD4C/60E9FAAA/60F31C8B']
07-02 13:39:56 replicate_layout.replicatelayout 279:All sheets to replicate:
[[u'dac_gp2', u'dual_bipolar3'], [u'dac_gp2', u'dual_biploar2'], [u'dac_gp2', u'dual_bipolar1'], [u'dac_gp1', u'dual_bipolar1'], [u'dac_gp2', u'dual_biploar0'], [u'dac_gp1', u'dual_biploar0'], [u'dac_gp1', u'dual_bipolar3'], [u'dac_gp1', u'dual_biploar2']]
07-02 13:39:56 replicate_layout.replicatelayout 284:All sheets to replicate sorted:
[[u'dac_gp1', u'dual_biploar0'], [u'dac_gp1', u'dual_biploar2'], [u'dac_gp1', u'dual_bipolar1'], [u'dac_gp1', u'dual_bipolar3'], [u'dac_gp2', u'dual_biploar0'], [u'dac_gp2', u'dual_biploar2'], [u'dac_gp2', u'dual_bipolar1'], [u'dac_gp2', u'dual_bipolar3']]
07-02 13:39:56 replicate_layout.replicatelayout 290:All sheets to replicate sorted and without source sheet:
[[u'dac_gp1', u'dual_biploar0'], [u'dac_gp1', u'dual_biploar2'], [u'dac_gp1', u'dual_bipolar1'], [u'dac_gp1', u'dual_bipolar3'], [u'dac_gp2', u'dual_biploar2'], [u'dac_gp2', u'dual_bipolar1'], [u'dac_gp2', u'dual_bipolar3']]
07-02 13:39:56 replicate_layout.action_replicate_layout 185:Replicating layout
07-02 13:39:56 replicate_layout.replicatelayout 994:Starting replication of sheets: [[u'dac_gp1', u'dual_biploar0'], [u'dac_gp1', u'dual_biploar2'], [u'dac_gp1', u'dual_bipolar1'], [u'dac_gp1', u'dual_bipolar3'], [u'dac_gp2', u'dual_biploar2'], [u'dac_gp2', u'dual_bipolar1'], [u'dac_gp2', u'dual_bipolar3']]
on level: [u'dac_gp2', u'dual_biploar0']
with tracks=False, zone=False, text=False, containing=True, remove=False, locked=False
07-02 13:39:56 root 267:updating GUI message: 'Preparing for replication'
07-02 13:39:56 replicate_layout.replicatelayout 556:Getting the list of source footprints
07-02 13:39:56 root 272:updating GUI with: 0
07-02 13:39:56 replicate_layout.replicatelayout 560:Getting the list of all the remaining footprints
07-02 13:39:56 replicate_layout.replicatelayout 564:Getting nets local to source footprints
07-02 13:39:56 replicate_layout.replicatelayout 568:Getting source bounding box
07-02 13:39:56 root 272:updating GUI with: 37
07-02 13:39:56 replicate_layout.replicatelayout 572:Getting source tracks
07-02 13:39:57 replicate_layout.replicatelayout 576:Getting source zones
07-02 13:39:57 root 272:updating GUI with: 62
07-02 13:39:57 replicate_layout.replicatelayout 580:Getting source text items
07-02 13:39:57 replicate_layout.replicatelayout 584:Getting source text items
07-02 13:39:57 root 267:updating GUI message: 'Replicating footprints'
07-02 13:39:57 replicate_layout.replicatelayout 590:Replicating footprints
07-02 13:39:57 replicate_layout.replicatelayout 596:Replicating footprints on sheet [u'dac_gp1', u'dual_biploar0']
07-02 13:39:57 root 272:updating GUI with: 7
07-02 13:39:57 replicate_layout.replicatelayout 596:Replicating footprints on sheet [u'dac_gp1', u'dual_biploar2']
07-02 13:39:57 root 272:updating GUI with: 20
07-02 13:39:57 replicate_layout.replicatelayout 596:Replicating footprints on sheet [u'dac_gp1', u'dual_bipolar1']
07-02 13:39:57 root 272:updating GUI with: 33
07-02 13:39:57 replicate_layout.replicatelayout 596:Replicating footprints on sheet [u'dac_gp1', u'dual_bipolar3']
07-02 13:39:57 root 272:updating GUI with: 48
07-02 13:39:57 replicate_layout.replicatelayout 596:Replicating footprints on sheet [u'dac_gp2', u'dual_biploar2']
07-02 13:39:57 root 272:updating GUI with: 62
07-02 13:39:57 replicate_layout.replicatelayout 596:Replicating footprints on sheet [u'dac_gp2', u'dual_bipolar1']
07-02 13:39:57 root 272:updating GUI with: 76
07-02 13:39:57 replicate_layout.replicatelayout 596:Replicating footprints on sheet [u'dac_gp2', u'dual_bipolar3']
07-02 13:39:57 root 272:updating GUI with: 90
07-02 13:39:57 replicate_layout.action_replicate_layout 207:Replication complete
